> Task :compileJava UP-TO-DATE
> Task :processResources UP-TO-DATE
> Task :classes UP-TO-DATE
> Task :resolveMainClassName UP-TO-DATE

> Task :bootRun

  .   ____          _            __ _ _
 /\\ / ___'_ __ _ _(_)_ __  __ _ \ \ \ \
( ( )\___ | '_ | '_| | '_ \/ _` | \ \ \ \
 \\/  ___)| |_)| | | | | || (_| |  ) ) ) )
  '  |____| .__|_| |_|_| |_\__, | / / / /
 =========|_|==============|___/=/_/_/_/
 :: Spring Boot ::                (v3.2.1)

2024-01-11T12:33:43.229+01:00  INFO 17219 --- [           main] com.automation.demo.DemoApplication      : Starting DemoApplication using Java 17.0.8 with PID 17219 (/Users/gtiwari/Downloads/demo/build/classes/java/main started by gtiwari in /Users/gtiwari/Downloads/demo)
2024-01-11T12:33:43.231+01:00  INFO 17219 --- [           main] com.automation.demo.DemoApplication      : No active profile set, falling back to 1 default profile: "default"
2024-01-11T12:33:43.673+01:00  INFO 17219 --- [           main] o.s.b.w.embedded.tomcat.TomcatWebServer  : Tomcat initialized with port 8080 (http)
2024-01-11T12:33:43.680+01:00  INFO 17219 --- [           main] o.apache.catalina.core.StandardService   : Starting service [Tomcat]
2024-01-11T12:33:43.680+01:00  INFO 17219 --- [           main] o.apache.catalina.core.StandardEngine    : Starting Servlet engine: [Apache Tomcat/10.1.17]
2024-01-11T12:33:43.703+01:00  INFO 17219 --- [           main] o.a.c.c.C.[Tomcat].[localhost].[/]       : Initializing Spring embedded WebApplicationContext
2024-01-11T12:33:43.703+01:00  INFO 17219 --- [           main] w.s.c.ServletWebServerApplicationContext : Root WebApplicationContext: initialization completed in 454 ms
2024-01-11T12:33:43.889+01:00  INFO 17219 --- [           main] o.s.b.a.e.web.EndpointLinksResolver      : Exposing 1 endpoint(s) beneath base path '/actuator'
2024-01-11T12:33:43.916+01:00  INFO 17219 --- [           main] o.s.b.w.embedded.tomcat.TomcatWebServer  : Tomcat started on port 8080 (http) with context path ''
2024-01-11T12:33:43.924+01:00  INFO 17219 --- [           main] com.automation.demo.DemoApplication      : Started DemoApplication in 0.835 seconds (process running for 0.973)
